D:\DJYSDK\DJYSRC\EXAMPLES\DJYSIM-VS2010\DEBUG\DJYSIM-VS2010.EXE
D:\DJYSDK\DJYSRC\EXAMPLES\DJYSIM-VS2010\DEBUG\DJYSIM-VS2010.ILK
D:\DJYSDK\DJYSRC\EXAMPLES\DJYSIM-VS2010\DEBUG\DJYSIM-VS2010.PDB
D:\DJYSDK\DJYSRC\EXAMPLES\DJYSIM-VS2010\DJYSIM-VS2010\DEBUG\ASCII.OBJ
D:\DJYSDK\DJYSRC\EXAMPLES\DJYSIM-VS2010\DJYSIM-VS2010\DEBUG\ASCII8X16.OBJ
D:\DJYSDK\DJYSRC\EXAMPLES\DJYSIM-VS2010\DJYSIM-VS2010\DEBUG\ASCII8X8.OBJ
D:\DJYSDK\DJYSRC\EXAMPLES\DJYSIM-VS2010\DJYSIM-VS2010\DEBUG\CHAR_TERM.OBJ
D:\DJYSDK\DJYSRC\EXAMPLES\DJYSIM-VS2010\DJYSIM-VS2010\DEBUG\CLOCK.OBJ
D:\DJYSDK\DJYSRC\EXAMPLES\DJYSIM-VS2010\DJYSIM-VS2010\DEBUG\COMMAND.OBJ
D:\DJYSDK\DJYSRC\EXAMPLES\DJYSIM-VS2010\DJYSIM-VS2010\DEBUG\CPU.OBJ
D:\DJYSDK\DJYSRC\EXAMPLES\DJYSIM-VS2010\DJYSIM-VS2010\DEBUG\CPU_PERI_KEYBOARD.OBJ
D:\DJYSDK\DJYSRC\EXAMPLES\DJYSIM-VS2010\DJYSIM-VS2010\DEBUG\CPU_PERI_LCD_TOUCH_MOUSE.OBJ
D:\DJYSDK\DJYSRC\EXAMPLES\DJYSIM-VS2010\DJYSIM-VS2010\DEBUG\CRITICAL.OBJ
D:\DJYSDK\DJYSRC\EXAMPLES\DJYSIM-VS2010\DJYSIM-VS2010\DEBUG\DDR.OBJ
D:\DJYSDK\DJYSRC\EXAMPLES\DJYSIM-VS2010\DJYSIM-VS2010\DEBUG\DJYOS.OBJ
D:\DJYSDK\DJYSRC\EXAMPLES\DJYSIM-VS2010\DJYSIM-VS2010\DEBUG\DJYSIM-VS2010.EXE.EMBED.MANIFEST
D:\DJYSDK\DJYSRC\EXAMPLES\DJYSIM-VS2010\DJYSIM-VS2010\DEBUG\DJYSIM-VS2010.EXE.EMBED.MANIFEST.RES
D:\DJYSDK\DJYSRC\EXAMPLES\DJYSIM-VS2010\DJYSIM-VS2010\DEBUG\DJYSIM-VS2010.EXE.INTERMEDIATE.MANIFEST
D:\DJYSDK\DJYSRC\EXAMPLES\DJYSIM-VS2010\DJYSIM-VS2010\DEBUG\DRIVER.OBJ
D:\DJYSDK\DJYSRC\EXAMPLES\DJYSIM-VS2010\DJYSIM-VS2010\DEBUG\ECC256.OBJ
D:\DJYSDK\DJYSRC\EXAMPLES\DJYSIM-VS2010\DJYSIM-VS2010\DEBUG\ENCODING.OBJ
D:\DJYSDK\DJYSRC\EXAMPLES\DJYSIM-VS2010\DJYSIM-VS2010\DEBUG\ENDIAN.OBJ
D:\DJYSDK\DJYSRC\EXAMPLES\DJYSIM-VS2010\DJYSIM-VS2010\DEBUG\EXCEPTION.OBJ
D:\DJYSDK\DJYSRC\EXAMPLES\DJYSIM-VS2010\DJYSIM-VS2010\DEBUG\FDT.OBJ
D:\DJYSDK\DJYSRC\EXAMPLES\DJYSIM-VS2010\DJYSIM-VS2010\DEBUG\FILE.OBJ
D:\DJYSDK\DJYSRC\EXAMPLES\DJYSIM-VS2010\DJYSIM-VS2010\DEBUG\FLASHFILE.OBJ
D:\DJYSDK\DJYSRC\EXAMPLES\DJYSIM-VS2010\DJYSIM-VS2010\DEBUG\FONT.OBJ
D:\DJYSDK\DJYSRC\EXAMPLES\DJYSIM-VS2010\DJYSIM-VS2010\DEBUG\GB2312.OBJ
D:\DJYSDK\DJYSRC\EXAMPLES\DJYSIM-VS2010\DJYSIM-VS2010\DEBUG\GB2312_16.OBJ
D:\DJYSDK\DJYSRC\EXAMPLES\DJYSIM-VS2010\DJYSIM-VS2010\DEBUG\GK_API.OBJ
D:\DJYSDK\DJYSRC\EXAMPLES\DJYSIM-VS2010\DJYSIM-VS2010\DEBUG\GK_CLIP.OBJ
D:\DJYSDK\DJYSRC\EXAMPLES\DJYSIM-VS2010\DJYSIM-VS2010\DEBUG\GK_DISPLAY.OBJ
D:\DJYSDK\DJYSRC\EXAMPLES\DJYSIM-VS2010\DJYSIM-VS2010\DEBUG\GK_DRAW.OBJ
D:\DJYSDK\DJYSRC\EXAMPLES\DJYSIM-VS2010\DJYSIM-VS2010\DEBUG\GK_WIN.OBJ
D:\DJYSDK\DJYSRC\EXAMPLES\DJYSIM-VS2010\DJYSIM-VS2010\DEBUG\INT.OBJ
D:\DJYSDK\DJYSRC\EXAMPLES\DJYSIM-VS2010\DJYSIM-VS2010\DEBUG\INT_HARD.OBJ
D:\DJYSDK\DJYSRC\EXAMPLES\DJYSIM-VS2010\DJYSIM-VS2010\DEBUG\KEYBOARD.OBJ
D:\DJYSDK\DJYSRC\EXAMPLES\DJYSIM-VS2010\DJYSIM-VS2010\DEBUG\LINE.OBJ
D:\DJYSDK\DJYSRC\EXAMPLES\DJYSIM-VS2010\DJYSIM-VS2010\DEBUG\LOC_STRING.OBJ
D:\DJYSDK\DJYSRC\EXAMPLES\DJYSIM-VS2010\DJYSIM-VS2010\DEBUG\LOCK.OBJ
D:\DJYSDK\DJYSRC\EXAMPLES\DJYSIM-VS2010\DJYSIM-VS2010\DEBUG\MAIN.OBJ
D:\DJYSDK\DJYSRC\EXAMPLES\DJYSIM-VS2010\DJYSIM-VS2010\DEBUG\MDR.OBJ
D:\DJYSDK\DJYSRC\EXAMPLES\DJYSIM-VS2010\DJYSIM-VS2010\DEBUG\MEMB.OBJ
D:\DJYSDK\DJYSRC\EXAMPLES\DJYSIM-VS2010\DJYSIM-VS2010\DEBUG\MEMS.OBJ
D:\DJYSDK\DJYSRC\EXAMPLES\DJYSIM-VS2010\DJYSIM-VS2010\DEBUG\MODULE_INIT.OBJ
D:\DJYSDK\DJYSRC\EXAMPLES\DJYSIM-VS2010\DJYSIM-VS2010\DEBUG\NLS.OBJ
D:\DJYSDK\DJYSRC\EXAMPLES\DJYSIM-VS2010\DJYSIM-VS2010\DEBUG\PIPE.OBJ
D:\DJYSDK\DJYSRC\EXAMPLES\DJYSIM-VS2010\DJYSIM-VS2010\DEBUG\RING.OBJ
D:\DJYSDK\DJYSRC\EXAMPLES\DJYSIM-VS2010\DJYSIM-VS2010\DEBUG\RSC.OBJ
D:\DJYSDK\DJYSRC\EXAMPLES\DJYSIM-VS2010\DJYSIM-VS2010\DEBUG\SHELL.OBJ
D:\DJYSDK\DJYSRC\EXAMPLES\DJYSIM-VS2010\DJYSIM-VS2010\DEBUG\SHELL_FS.OBJ
D:\DJYSDK\DJYSRC\EXAMPLES\DJYSIM-VS2010\DJYSIM-VS2010\DEBUG\STDIN_DEV.OBJ
D:\DJYSDK\DJYSRC\EXAMPLES\DJYSIM-VS2010\DJYSIM-VS2010\DEBUG\SYS_INIT.OBJ
D:\DJYSDK\DJYSRC\EXAMPLES\DJYSIM-VS2010\DJYSIM-VS2010\DEBUG\TEXTSHOW.OBJ
D:\DJYSDK\DJYSRC\EXAMPLES\DJYSIM-VS2010\DJYSIM-VS2010\DEBUG\TOUCH.OBJ
D:\DJYSDK\DJYSRC\EXAMPLES\DJYSIM-VS2010\DJYSIM-VS2010\DEBUG\UTF8.OBJ
D:\DJYSDK\DJYSRC\EXAMPLES\DJYSIM-VS2010\DJYSIM-VS2010\DEBUG\VC100.PDB
D:\DJYSDK\DJYSRC\EXAMPLES\DJYSIM-VS2010\DJYSIM-VS2010\DEBUG\WDT.OBJ
D:\DJYSDK\DJYSRC\EXAMPLES\DJYSIM-VS2010+VC6\DEBUG\DJYSIM-VS2010.EXE
D:\djysdk\djysrc\examples\djysim-vs2010+vc6\Debug\djysim-vs2010.exp
D:\DJYSDK\DJYSRC\EXAMPLES\DJYSIM-VS2010+VC6\DEBUG\DJYSIM-VS2010.ILK
D:\djysdk\djysrc\examples\djysim-vs2010+vc6\Debug\djysim-vs2010.lib
D:\DJYSDK\DJYSRC\EXAMPLES\DJYSIM-VS2010+VC6\DEBUG\DJYSIM-VS2010.PDB
D:\DJYSDK\DJYSRC\EXAMPLES\DJYSIM-VS2010+VC6\DJYSIM-VS2010\DEBUG\ASCII.OBJ
D:\DJYSDK\DJYSRC\EXAMPLES\DJYSIM-VS2010+VC6\DJYSIM-VS2010\DEBUG\ASCII8X16.OBJ
D:\DJYSDK\DJYSRC\EXAMPLES\DJYSIM-VS2010+VC6\DJYSIM-VS2010\DEBUG\ASCII8X8.OBJ
D:\DJYSDK\DJYSRC\EXAMPLES\DJYSIM-VS2010+VC6\DJYSIM-VS2010\DEBUG\CHAR_TERM.OBJ
D:\djysdk\djysrc\examples\djysim-vs2010+vc6\djysim-vs2010\Debug\cl.command.1.tlog
D:\djysdk\djysrc\examples\djysim-vs2010+vc6\djysim-vs2010\Debug\CL.read.1.tlog
D:\djysdk\djysrc\examples\djysim-vs2010+vc6\djysim-vs2010\Debug\CL.write.1.tlog
D:\DJYSDK\DJYSRC\EXAMPLES\DJYSIM-VS2010+VC6\DJYSIM-VS2010\DEBUG\CLOCK.OBJ
D:\DJYSDK\DJYSRC\EXAMPLES\DJYSIM-VS2010+VC6\DJYSIM-VS2010\DEBUG\COMMAND.OBJ
D:\DJYSDK\DJYSRC\EXAMPLES\DJYSIM-VS2010+VC6\DJYSIM-VS2010\DEBUG\CPU.OBJ
D:\DJYSDK\DJYSRC\EXAMPLES\DJYSIM-VS2010+VC6\DJYSIM-VS2010\DEBUG\CPU_PERI_KEYBOARD.OBJ
D:\DJYSDK\DJYSRC\EXAMPLES\DJYSIM-VS2010+VC6\DJYSIM-VS2010\DEBUG\CPU_PERI_LCD_TOUCH_MOUSE.OBJ
D:\DJYSDK\DJYSRC\EXAMPLES\DJYSIM-VS2010+VC6\DJYSIM-VS2010\DEBUG\CRITICAL.OBJ
D:\DJYSDK\DJYSRC\EXAMPLES\DJYSIM-VS2010+VC6\DJYSIM-VS2010\DEBUG\DDR.OBJ
D:\DJYSDK\DJYSRC\EXAMPLES\DJYSIM-VS2010+VC6\DJYSIM-VS2010\DEBUG\DJYOS.OBJ
D:\djysdk\djysrc\examples\djysim-vs2010+vc6\djysim-vs2010\Debug\djysim-vs2010.exe.embed.manifest
D:\DJYSDK\DJYSRC\EXAMPLES\DJYSIM-VS2010+VC6\DJYSIM-VS2010\DEBUG\DJYSIM-VS2010.EXE.EMBED.MANIFEST.RES
D:\DJYSDK\DJYSRC\EXAMPLES\DJYSIM-VS2010+VC6\DJYSIM-VS2010\DEBUG\DJYSIM-VS2010.EXE.INTERMEDIATE.MANIFEST
D:\djysdk\djysrc\examples\djysim-vs2010+vc6\djysim-vs2010\Debug\djysim-vs2010.write.1.tlog
D:\djysdk\djysrc\examples\djysim-vs2010+vc6\djysim-vs2010\Debug\djysim-vs2010_manifest.rc
D:\DJYSDK\DJYSRC\EXAMPLES\DJYSIM-VS2010+VC6\DJYSIM-VS2010\DEBUG\DRIVER.OBJ
D:\DJYSDK\DJYSRC\EXAMPLES\DJYSIM-VS2010+VC6\DJYSIM-VS2010\DEBUG\ECC256.OBJ
D:\DJYSDK\DJYSRC\EXAMPLES\DJYSIM-VS2010+VC6\DJYSIM-VS2010\DEBUG\ENCODING.OBJ
D:\DJYSDK\DJYSRC\EXAMPLES\DJYSIM-VS2010+VC6\DJYSIM-VS2010\DEBUG\ENDIAN.OBJ
D:\DJYSDK\DJYSRC\EXAMPLES\DJYSIM-VS2010+VC6\DJYSIM-VS2010\DEBUG\EXCEPTION.OBJ
D:\DJYSDK\DJYSRC\EXAMPLES\DJYSIM-VS2010+VC6\DJYSIM-VS2010\DEBUG\FDT.OBJ
D:\DJYSDK\DJYSRC\EXAMPLES\DJYSIM-VS2010+VC6\DJYSIM-VS2010\DEBUG\FILE.OBJ
D:\DJYSDK\DJYSRC\EXAMPLES\DJYSIM-VS2010+VC6\DJYSIM-VS2010\DEBUG\FLASHFILE.OBJ
D:\DJYSDK\DJYSRC\EXAMPLES\DJYSIM-VS2010+VC6\DJYSIM-VS2010\DEBUG\FONT.OBJ
D:\DJYSDK\DJYSRC\EXAMPLES\DJYSIM-VS2010+VC6\DJYSIM-VS2010\DEBUG\GB2312.OBJ
D:\DJYSDK\DJYSRC\EXAMPLES\DJYSIM-VS2010+VC6\DJYSIM-VS2010\DEBUG\GB2312_16.OBJ
D:\DJYSDK\DJYSRC\EXAMPLES\DJYSIM-VS2010+VC6\DJYSIM-VS2010\DEBUG\GK_API.OBJ
D:\DJYSDK\DJYSRC\EXAMPLES\DJYSIM-VS2010+VC6\DJYSIM-VS2010\DEBUG\GK_CLIP.OBJ
D:\DJYSDK\DJYSRC\EXAMPLES\DJYSIM-VS2010+VC6\DJYSIM-VS2010\DEBUG\GK_DISPLAY.OBJ
D:\DJYSDK\DJYSRC\EXAMPLES\DJYSIM-VS2010+VC6\DJYSIM-VS2010\DEBUG\GK_DRAW.OBJ
D:\DJYSDK\DJYSRC\EXAMPLES\DJYSIM-VS2010+VC6\DJYSIM-VS2010\DEBUG\GK_WIN.OBJ
D:\DJYSDK\DJYSRC\EXAMPLES\DJYSIM-VS2010+VC6\DJYSIM-VS2010\DEBUG\INT.OBJ
D:\DJYSDK\DJYSRC\EXAMPLES\DJYSIM-VS2010+VC6\DJYSIM-VS2010\DEBUG\INT_HARD.OBJ
D:\DJYSDK\DJYSRC\EXAMPLES\DJYSIM-VS2010+VC6\DJYSIM-VS2010\DEBUG\KEYBOARD.OBJ
D:\DJYSDK\DJYSRC\EXAMPLES\DJYSIM-VS2010+VC6\DJYSIM-VS2010\DEBUG\LINE.OBJ
D:\djysdk\djysrc\examples\djysim-vs2010+vc6\djysim-vs2010\Debug\link.1248.read.1.tlog
D:\djysdk\djysrc\examples\djysim-vs2010+vc6\djysim-vs2010\Debug\link.1248.write.1.tlog
D:\djysdk\djysrc\examples\djysim-vs2010+vc6\djysim-vs2010\Debug\link.1248-cvtres.read.1.tlog
D:\djysdk\djysrc\examples\djysim-vs2010+vc6\djysim-vs2010\Debug\link.1248-cvtres.write.1.tlog
D:\djysdk\djysrc\examples\djysim-vs2010+vc6\djysim-vs2010\Debug\link.8048.read.1.tlog
D:\djysdk\djysrc\examples\djysim-vs2010+vc6\djysim-vs2010\Debug\link.8048.write.1.tlog
D:\djysdk\djysrc\examples\djysim-vs2010+vc6\djysim-vs2010\Debug\link.8048-cvtres.read.1.tlog
D:\djysdk\djysrc\examples\djysim-vs2010+vc6\djysim-vs2010\Debug\link.8048-cvtres.write.1.tlog
D:\djysdk\djysrc\examples\djysim-vs2010+vc6\djysim-vs2010\Debug\link.command.1.tlog
D:\djysdk\djysrc\examples\djysim-vs2010+vc6\djysim-vs2010\Debug\link.read.1.tlog
D:\djysdk\djysrc\examples\djysim-vs2010+vc6\djysim-vs2010\Debug\link.write.1.tlog
D:\djysdk\djysrc\examples\djysim-vs2010+vc6\djysim-vs2010\Debug\link-cvtres.read.1.tlog
D:\djysdk\djysrc\examples\djysim-vs2010+vc6\djysim-vs2010\Debug\link-cvtres.write.1.tlog
D:\DJYSDK\DJYSRC\EXAMPLES\DJYSIM-VS2010+VC6\DJYSIM-VS2010\DEBUG\LOC_STRING.OBJ
D:\DJYSDK\DJYSRC\EXAMPLES\DJYSIM-VS2010+VC6\DJYSIM-VS2010\DEBUG\LOCK.OBJ
D:\DJYSDK\DJYSRC\EXAMPLES\DJYSIM-VS2010+VC6\DJYSIM-VS2010\DEBUG\MAIN.OBJ
D:\DJYSDK\DJYSRC\EXAMPLES\DJYSIM-VS2010+VC6\DJYSIM-VS2010\DEBUG\MDR.OBJ
D:\DJYSDK\DJYSRC\EXAMPLES\DJYSIM-VS2010+VC6\DJYSIM-VS2010\DEBUG\MEMB.OBJ
D:\DJYSDK\DJYSRC\EXAMPLES\DJYSIM-VS2010+VC6\DJYSIM-VS2010\DEBUG\MEMS.OBJ
D:\DJYSDK\DJYSRC\EXAMPLES\DJYSIM-VS2010+VC6\DJYSIM-VS2010\DEBUG\MODULE_INIT.OBJ
D:\djysdk\djysrc\examples\djysim-vs2010+vc6\djysim-vs2010\Debug\mt.command.1.tlog
D:\djysdk\djysrc\examples\djysim-vs2010+vc6\djysim-vs2010\Debug\mt.read.1.tlog
D:\djysdk\djysrc\examples\djysim-vs2010+vc6\djysim-vs2010\Debug\mt.write.1.tlog
D:\DJYSDK\DJYSRC\EXAMPLES\DJYSIM-VS2010+VC6\DJYSIM-VS2010\DEBUG\NLS.OBJ
D:\DJYSDK\DJYSRC\EXAMPLES\DJYSIM-VS2010+VC6\DJYSIM-VS2010\DEBUG\PIPE.OBJ
D:\djysdk\djysrc\examples\djysim-vs2010+vc6\djysim-vs2010\Debug\rc.command.1.tlog
D:\djysdk\djysrc\examples\djysim-vs2010+vc6\djysim-vs2010\Debug\rc.read.1.tlog
D:\djysdk\djysrc\examples\djysim-vs2010+vc6\djysim-vs2010\Debug\rc.write.1.tlog
D:\DJYSDK\DJYSRC\EXAMPLES\DJYSIM-VS2010+VC6\DJYSIM-VS2010\DEBUG\RING.OBJ
D:\DJYSDK\DJYSRC\EXAMPLES\DJYSIM-VS2010+VC6\DJYSIM-VS2010\DEBUG\RSC.OBJ
D:\DJYSDK\DJYSRC\EXAMPLES\DJYSIM-VS2010+VC6\DJYSIM-VS2010\DEBUG\SHELL.OBJ
D:\DJYSDK\DJYSRC\EXAMPLES\DJYSIM-VS2010+VC6\DJYSIM-VS2010\DEBUG\SHELL_FS.OBJ
D:\DJYSDK\DJYSRC\EXAMPLES\DJYSIM-VS2010+VC6\DJYSIM-VS2010\DEBUG\STDIN_DEV.OBJ
D:\DJYSDK\DJYSRC\EXAMPLES\DJYSIM-VS2010+VC6\DJYSIM-VS2010\DEBUG\SYS_INIT.OBJ
D:\DJYSDK\DJYSRC\EXAMPLES\DJYSIM-VS2010+VC6\DJYSIM-VS2010\DEBUG\TEXTSHOW.OBJ
D:\DJYSDK\DJYSRC\EXAMPLES\DJYSIM-VS2010+VC6\DJYSIM-VS2010\DEBUG\TOUCH.OBJ
D:\DJYSDK\DJYSRC\EXAMPLES\DJYSIM-VS2010+VC6\DJYSIM-VS2010\DEBUG\UTF8.OBJ
D:\djysdk\djysrc\examples\djysim-vs2010+vc6\djysim-vs2010\Debug\vc100.idb
D:\DJYSDK\DJYSRC\EXAMPLES\DJYSIM-VS2010+VC6\DJYSIM-VS2010\DEBUG\VC100.PDB
D:\DJYSDK\DJYSRC\EXAMPLES\DJYSIM-VS2010+VC6\DJYSIM-VS2010\DEBUG\WDT.OBJ
